<?xml version="1.0" encoding="UTF-8"?>
<!-- Generated by org.testng.reporters.JUnitReportReporter -->
<testsuite hostname="LAPTOP-IO7O6G3K" failures="0" tests="1" name="test.NaptolProductSearchTest" time="7.556" errors="0" timestamp="2023-10-20T20:45:09 IST" skipped="0">
  <testcase classname="test.NaptolProductSearchTest" name="verifyIfProductIsVisbileInQickViewTab" time="7.556"/>
</testsuite> <!-- test.NaptolProductSearchTest -->
