<?xml version="1.0" encoding="UTF-8"?>
<!-- Generated by org.testng.reporters.JUnitReportReporter -->
<testsuite hostname="LAPTOP-IO7O6G3K" failures="0" tests="1" name="test.NaptolHomePageTest" time="43.220" errors="0" timestamp="2023-10-18T20:52:52 IST" skipped="0">
  <testcase classname="test.NaptolHomePageTest" name="NaptolLoginTest" time="43.220"/>
</testsuite> <!-- test.NaptolHomePageTest -->
